<?xml version="1.0" encoding="UTF-8"?>
<!-- Generated by org.testng.reporters.JUnitReportReporter -->
<testsuite hostname="Rahul-PC" name="com.rg.framework.tests.BasicTest" tests="1" failures="0" timestamp="26 Mar 2017 17:22:48 GMT" time="12.755" errors="0">
  <testcase name="testGrid" time="12.755" classname="com.rg.framework.tests.BasicTest"/>
</testsuite> <!-- com.rg.framework.tests.BasicTest -->
